<?xml version="1.0" encoding="UTF-8"?>
<!-- Generated by org.testng.reporters.JUnitReportReporter -->
<testsuite hostname="JYOTI-PC" name="com.actitime.project_and_customer_test.ProjectAndCustomerTest" tests="3" failures="0" timestamp="15 Oct 2015 13:37:39 GMT" time="121.530" errors="0">
  <testcase name="deleteCust" time="64.917" classname="com.actitime.project_and_customer_test.ProjectAndCustomerTest"/>
  <testcase name="addProjectToCustomer" time="6.410" classname="com.actitime.project_and_customer_test.ProjectAndCustomerTest"/>
  <testcase name="createCustomer" time="50.203" classname="com.actitime.project_and_customer_test.ProjectAndCustomerTest"/>
</testsuite> <!-- com.actitime.project_and_customer_test.ProjectAndCustomerTest -->
