<?xml version="1.0" encoding="UTF-8"?>
<!-- Generated by org.testng.reporters.JUnitReportReporter -->
<testsuite hostname="JYOTI-PC" name="com.actitime.project_and_customer_test.Customer_explore" tests="1" failures="0" timestamp="15 Oct 2015 13:37:39 GMT" time="3.806" errors="0">
  <testcase name="verifyCustomer" time="3.806" classname="com.actitime.project_and_customer_test.Customer_explore"/>
</testsuite> <!-- com.actitime.project_and_customer_test.Customer_explore -->
